<?xml version="1.0" encoding="UTF-8"?>
<testsuite xmlns:xsi="http://www.w3.org/2001/XMLSchema-instance" xsi:schemaLocation="https://maven.apache.org/surefire/maven-surefire-plugin/xsd/surefire-test-report.xsd" name="RunCucumberTests" time="0.985" tests="2" errors="2" skipped="0" failures="0">
  <properties>
[...]
</properties>
  <testcase name="Examples: " classname="Examples: " time="0.45">
    <error message="Failed to load ApplicationContext" type="java.lang.IllegalStateException">java.lang.IllegalStateException: Failed to load ApplicationContext
Caused by: org.springframework.beans.factory.BeanDefinitionStoreException: Failed to parse configuration class [support.ExecutionConfiguration]; nested exception is java.lang.IllegalArgumentException: Could not resolve placeholder 'env' in string value "classpath:application-${env}.properties"
Caused by: java.lang.IllegalArgumentException: Could not resolve placeholder 'env' in string value "classpath:application-${env}.properties"
</error>
    <system-out><![CDATA[Feature: Display Transactions
  
  AS A: CM App user that has added my accounts
  I WANT: To be able to view my recent transactions when viewing the account details
  SO THAT: I can see how my money is spent

  @transactions
  Scenario Outline: Display transactions - current, savings and credit card &amp#27;[90m# features/Transactions.feature:11&amp#27;[0m
    &amp#27;[36mAnd &amp#27;[0m&amp#27;[36mI login with valid credentials&amp#27;[0m
    &amp#27;[36mAnd &amp#27;[0m&amp#27;[36mI tap include my bank button&amp#27;[0m
    &amp#27;[36mAnd &amp#27;[0m&amp#27;[36mI tap "HSBC" bank&amp#27;[0m
    &amp#27;[36mWhen &amp#27;[0m&amp#27;[36mI login with valid credentials&amp#27;[0m
    &amp#27;[36mAnd &amp#27;[0m&amp#27;[36mI am on polling screen&amp#27;[0m
    &amp#27;[36mAnd &amp#27;[0m&amp#27;[36mAccounts have successfully been added&amp#27;[0m
    &amp#27;[36mAnd &amp#27;[0m&amp#27;[36mI am on you screen&amp#27;[0m
    &amp#27;[36mWhen &amp#27;[0m&amp#27;[36mI select an account of type <Account>&amp#27;[0m
    &amp#27;[36mAnd &amp#27;[0m&amp#27;[36mI select a month with some transactions&amp#27;[0m
    &amp#27;[36mThen &amp#27;[0m&amp#27;[36mthe merchant name and amount per transaction should be displayed&amp#27;[0m

    Examples: 
]]></system-out>
    <system-err><![CDATA[ERROR StatusLogger No log4j2 configuration file found. Using default configuration: logging only errors to the console. Set system property 'log4j2.debug' to show Log4j2 internal initialization logging.
]]></system-err>
  </testcase>
  <testcase name="Examples: " classname="Examples: " time="0.008">
    <error message="Failed to load ApplicationContext" type="java.lang.IllegalStateException">java.lang.IllegalStateException: Failed to load ApplicationContext
Caused by: org.springframework.beans.factory.BeanDefinitionStoreException: Failed to parse configuration class [support.ExecutionConfiguration]; nested exception is java.lang.IllegalArgumentException: Could not resolve placeholder 'env' in string value "classpath:application-${env}.properties"
Caused by: java.lang.IllegalArgumentException: Could not resolve placeholder 'env' in string value "classpath:application-${env}.properties"
</error>
    <system-out><![CDATA[
  @transactions
  Scenario Outline: Pagination                                                     &amp#27;[90m# features/Transactions.feature:87&amp#27;[0m
    &amp#27;[36mAnd &amp#27;[0m&amp#27;[36mI have previously accepted latest Terms and Conditions for user 'SAMEUSER'&amp#27;[0m
    &amp#27;[36mAnd &amp#27;[0m&amp#27;[36mI am on login screen&amp#27;[0m
    &amp#27;[36mWhen &amp#27;[0m&amp#27;[36mI login with valid credentials&amp#27;[0m
    &amp#27;[36mAnd &amp#27;[0m&amp#27;[36mI set my passcode&amp#27;[0m
    &amp#27;[36mAnd &amp#27;[0m&amp#27;[36mI disable push notifications&amp#27;[0m
    &amp#27;[36mAnd &amp#27;[0m&amp#27;[36mI am on you screen&amp#27;[0m
    &amp#27;[36mWhen &amp#27;[0m&amp#27;[36mI select first account of type SMB account&amp#27;[0m
    &amp#27;[36mAnd &amp#27;[0m&amp#27;[36mI select a month with some transactions&amp#27;[0m
    &amp#27;[36mWhen &amp#27;[0m&amp#27;[36mI scroll to "<transaction>"&amp#27;[0m
    &amp#27;[36mThen &amp#27;[0m&amp#27;[36mI should see "<transaction>" with "<transaction_amount>"&amp#27;[0m

    Examples: 
]]></system-out>
  </testcase>
</testsuite>